<?xml version="1.0" encoding="UTF-8"?>
<testng-results ignored="0" total="1" passed="0" failed="1" skipped="0">
    <reporter-output>
        <line>
            <![CDATA[Extent Report Directory/Users/mrahman/develop/aint/session/sdetNovember2021/WebAutomation-Nobemver2021/test-output/html]]>
        </line>
        <line>
            <![CDATA[TestAllFunctionality: news Features]]>
        </line>
        <line>
            <![CDATA[AllFunctionality: run All The Feature Test]]>
        </line>
        <line>
            <![CDATA[AllFunctionality: select]]>
        </line>
        <line>
            <![CDATA[AllFunctionality: search]]>
        </line>
        <line>
            <![CDATA[AllFunctionality: select]]>
        </line>
        <line>
            <![CDATA[AllFunctionality: log In]]>
        </line>
        <line>
            <![CDATA[AllFunctionality: select]]>
        </line>
        <line>
            <![CDATA[AllFunctionality: sections Menu]]>
        </line>
        <line>
            <![CDATA[AllFunctionality: click On Section Menu]]>
        </line>
        <line>
            <![CDATA[AllFunctionality: click On Section Menu]]>
        </line>
        <line>
            <![CDATA[AllFunctionality: click On Section Menu]]>
        </line>
    </reporter-output>
    <suite started-at="2022-01-27T20:31:40 EST" name="NYP Test Automation Script" finished-at="2022-01-27T20:34:29 EST" duration-ms="169165">
        <groups>
        </groups>
        <test started-at="2022-01-27T20:31:40 EST" name="NYP Home" finished-at="2022-01-27T20:34:29 EST" duration-ms="169165">
            <class name="nypnavigation.TestAllFunctionality">
                <test-method is-config="true" signature="extentSetup(org.testng.ITestContext)[pri:0, instance:nypnavigation.TestAllFunctionality@3b2cf7ab]" started-at="2022-01-27T20:31:25 EST" name="extentSetup" finished-at="2022-01-27T20:31:36 EST" duration-ms="11612" status="PASS">
                    <params>
                        <param index="0">
                            <value>
                                <![CDATA[org.testng.TestRunner@6c40365c]]>
                            </value>
                        </param>
                    </params>
                    <reporter-output>
                        <line>
                            <![CDATA[Extent Report Directory/Users/mrahman/develop/aint/session/sdetNovember2021/WebAutomation-Nobemver2021/test-output/html]]>
                        </line>
                    </reporter-output>
                </test-method> <!-- extentSetup -->
                <test-method is-config="true" signature="setUp(java.lang.String,java.lang.String,java.lang.String,java.lang.String,java.lang.String,java.lang.String,java.lang.String)[pri:0, instance:nypnavigation.TestAllFunctionality@3b2cf7ab]" started-at="2022-01-27T20:31:40 EST" name="setUp" finished-at="2022-01-27T20:32:49 EST" duration-ms="68439" status="PASS">
                    <params>
                        <param index="0">
                            <value>
                                <![CDATA[false]]>
                            </value>
                        </param>
                        <param index="1">
                            <value>
                                <![CDATA[browserstack]]>
                            </value>
                        </param>
                        <param index="2">
                            <value>
                                <![CDATA[OS X]]>
                            </value>
                        </param>
                        <param index="3">
                            <value>
                                <![CDATA[Sierra]]>
                            </value>
                        </param>
                        <param index="4">
                            <value>
                                <![CDATA[chrome]]>
                            </value>
                        </param>
                        <param index="5">
                            <value>
                                <![CDATA[80.0]]>
                            </value>
                        </param>
                        <param index="6">
                            <value>
                                <![CDATA[https://nypost.com/]]>
                            </value>
                        </param>
                    </params>
                    <reporter-output>
                    </reporter-output>
                </test-method> <!-- setUp -->
                <test-method is-config="true" signature="startExtent(java.lang.reflect.Method)[pri:0, instance:nypnavigation.TestAllFunctionality@3b2cf7ab]" started-at="2022-01-27T20:32:49 EST" name="startExtent" finished-at="2022-01-27T20:32:49 EST" duration-ms="9" status="PASS">
                    <params>
                        <param index="0">
                            <value>
                                <![CDATA[public void nypnavigation.TestAllFunctionality.newsFeatures() throws java.io.IOException,java.lang.InterruptedException]]>
                            </value>
                        </param>
                    </params>
                    <reporter-output>
                    </reporter-output>
                </test-method> <!-- startExtent -->
                <test-method signature="newsFeatures()[pri:0, instance:nypnavigation.TestAllFunctionality@3b2cf7ab]" started-at="2022-01-27T20:32:49 EST" name="newsFeatures" finished-at="2022-01-27T20:34:13 EST" duration-ms="84184" status="FAIL">
                    <exception class="org.openqa.selenium.ElementClickInterceptedException">
                        <message>
                            <![CDATA[element click intercepted: Element is not clickable at point (157, -20)
  (Session info: chrome=97.0.4692.99)
Build info: version: '4.1.1', revision: 'e8fcc2cecf'
System info: host: 'matiurs-MBP.lan', ip: '2603:7000:e200:1315:0:0:0:1176%en0', os.name: 'Mac OS X', os.arch: 'x86_64', os.version: '10.15', java.version: '15.0.2'
Driver info: org.openqa.selenium.chrome.ChromeDriver
Command: [493697021ccce85b6cddbf0ef77b4552, clickElement {id=0cc6ab8a-50e9-4f7f-8be5-827dc44b8212}]
Capabilities {acceptInsecureCerts: false, browserName: chrome, browserVersion: 97.0.4692.99, chrome: {chromedriverVersion: 96.0.4664.45 (76e4c1bb2ab46..., userDataDir: /var/folders/f0/pp1t4wh50hz...}, goog:chromeOptions: {debuggerAddress: localhost:60524}, javascriptEnabled: true, networkConnectionEnabled: false, pageLoadStrategy: normal, platform: MAC, platformName: MAC, proxy: Proxy(), se:cdp: ws://localhost:60524/devtoo..., se:cdpVersion: 97.0.4692.99, setWindowRect: true, strictFileInteractability: false, timeouts: {implicit: 0, pageLoad: 300000, script: 30000}, unhandledPromptBehavior: dismiss and notify, webauthn:extension:credBlob: true, webauthn:extension:largeBlob: true, webauthn:virtualAuthenticators: true}
Element: [[ChromeDriver: chrome on MAC (493697021ccce85b6cddbf0ef77b4552)] -> css selector: .menu-toggle__title]
Session ID: 493697021ccce85b6cddbf0ef77b4552]]>
                        </message>
                        <full-stacktrace>
                            <![CDATA[org.openqa.selenium.ElementClickInterceptedException: element click intercepted: Element is not clickable at point (157, -20)
  (Session info: chrome=97.0.4692.99)
Build info: version: '4.1.1', revision: 'e8fcc2cecf'
System info: host: 'matiurs-MBP.lan', ip: '2603:7000:e200:1315:0:0:0:1176%en0', os.name: 'Mac OS X', os.arch: 'x86_64', os.version: '10.15', java.version: '15.0.2'
Driver info: org.openqa.selenium.chrome.ChromeDriver
Command: [493697021ccce85b6cddbf0ef77b4552, clickElement {id=0cc6ab8a-50e9-4f7f-8be5-827dc44b8212}]
Capabilities {acceptInsecureCerts: false, browserName: chrome, browserVersion: 97.0.4692.99, chrome: {chromedriverVersion: 96.0.4664.45 (76e4c1bb2ab46..., userDataDir: /var/folders/f0/pp1t4wh50hz...}, goog:chromeOptions: {debuggerAddress: localhost:60524}, javascriptEnabled: true, networkConnectionEnabled: false, pageLoadStrategy: normal, platform: MAC, platformName: MAC, proxy: Proxy(), se:cdp: ws://localhost:60524/devtoo..., se:cdpVersion: 97.0.4692.99, setWindowRect: true, strictFileInteractability: false, timeouts: {implicit: 0, pageLoad: 300000, script: 30000}, unhandledPromptBehavior: dismiss and notify, webauthn:extension:credBlob: true, webauthn:extension:largeBlob: true, webauthn:virtualAuthenticators: true}
Element: [[ChromeDriver: chrome on MAC (493697021ccce85b6cddbf0ef77b4552)] -> css selector: .menu-toggle__title]
Session ID: 493697021ccce85b6cddbf0ef77b4552
at java.base/jdk.internal.reflect.NativeConstructorAccessorImpl.newInstance0(Native Method)
at java.base/jdk.internal.reflect.NativeConstructorAccessorImpl.newInstance(NativeConstructorAccessorImpl.java:64)
at java.base/jdk.internal.reflect.DelegatingConstructorAccessorImpl.newInstance(DelegatingConstructorAccessorImpl.java:45)
at java.base/java.lang.reflect.Constructor.newInstanceWithCaller(Constructor.java:500)
at java.base/java.lang.reflect.Constructor.newInstance(Constructor.java:481)
at org.openqa.selenium.remote.codec.w3c.W3CHttpResponseCodec.createException(W3CHttpResponseCodec.java:200)
at org.openqa.selenium.remote.codec.w3c.W3CHttpResponseCodec.decode(W3CHttpResponseCodec.java:133)
at org.openqa.selenium.remote.codec.w3c.W3CHttpResponseCodec.decode(W3CHttpResponseCodec.java:53)
at org.openqa.selenium.remote.HttpCommandExecutor.execute(HttpCommandExecutor.java:184)
at org.openqa.selenium.remote.service.DriverCommandExecutor.invokeExecute(DriverCommandExecutor.java:167)
at org.openqa.selenium.remote.service.DriverCommandExecutor.execute(DriverCommandExecutor.java:142)
at org.openqa.selenium.remote.RemoteWebDriver.execute(RemoteWebDriver.java:543)
at org.openqa.selenium.remote.RemoteWebElement.execute(RemoteWebElement.java:251)
at org.openqa.selenium.remote.RemoteWebElement.click(RemoteWebElement.java:77)
at java.base/jdk.internal.reflect.NativeMethodAccessorImpl.invoke0(Native Method)
at java.base/jdk.internal.reflect.NativeMethodAccessorImpl.invoke(NativeMethodAccessorImpl.java:64)
at java.base/jdk.internal.reflect.DelegatingMethodAccessorImpl.invoke(DelegatingMethodAccessorImpl.java:43)
at java.base/java.lang.reflect.Method.invoke(Method.java:564)
at org.openqa.selenium.support.pagefactory.internal.LocatingElementHandler.invoke(LocatingElementHandler.java:52)
at com.sun.proxy.$Proxy18.click(Unknown Source)
at pages.LandingPage.clickOnSectionMenu(LandingPage.java:22)
at pages.AllFunctionality.clickOnSectionMenu(AllFunctionality.java:41)
at pages.AllFunctionality.sectionsMenu(AllFunctionality.java:55)
at pages.AllFunctionality.select(AllFunctionality.java:76)
at pages.AllFunctionality.runAllTheFeatureTest(AllFunctionality.java:66)
at nypnavigation.TestAllFunctionality.newsFeatures(TestAllFunctionality.java:17)
at java.base/jdk.internal.reflect.NativeMethodAccessorImpl.invoke0(Native Method)
at java.base/jdk.internal.reflect.NativeMethodAccessorImpl.invoke(NativeMethodAccessorImpl.java:64)
at java.base/jdk.internal.reflect.DelegatingMethodAccessorImpl.invoke(DelegatingMethodAccessorImpl.java:43)
at java.base/java.lang.reflect.Method.invoke(Method.java:564)
at org.testng.internal.invokers.MethodInvocationHelper.invokeMethod(MethodInvocationHelper.java:135)
at org.testng.internal.invokers.TestInvoker.invokeMethod(TestInvoker.java:673)
at org.testng.internal.invokers.TestInvoker.invokeTestMethod(TestInvoker.java:220)
at org.testng.internal.invokers.MethodRunner.runInSequence(MethodRunner.java:50)
at org.testng.internal.invokers.TestInvoker$MethodInvocationAgent.invoke(TestInvoker.java:945)
at org.testng.internal.invokers.TestInvoker.invokeTestMethods(TestInvoker.java:193)
at org.testng.internal.invokers.TestMethodWorker.invokeTestMethods(TestMethodWorker.java:146)
at org.testng.internal.invokers.TestMethodWorker.run(TestMethodWorker.java:128)
at java.base/java.util.ArrayList.forEach(ArrayList.java:1511)
at org.testng.TestRunner.privateRun(TestRunner.java:808)
at org.testng.TestRunner.run(TestRunner.java:603)
at org.testng.SuiteRunner.runTest(SuiteRunner.java:429)
at org.testng.SuiteRunner.runSequentially(SuiteRunner.java:423)
at org.testng.SuiteRunner.privateRun(SuiteRunner.java:383)
at org.testng.SuiteRunner.run(SuiteRunner.java:326)
at org.testng.SuiteRunnerWorker.runSuite(SuiteRunnerWorker.java:52)
at org.testng.SuiteRunnerWorker.run(SuiteRunnerWorker.java:95)
at org.testng.TestNG.runSuitesSequentially(TestNG.java:1249)
at org.testng.TestNG.runSuitesLocally(TestNG.java:1169)
at org.testng.TestNG.runSuites(TestNG.java:1092)
at org.testng.TestNG.run(TestNG.java:1060)
at com.intellij.rt.testng.IDEARemoteTestNG.run(IDEARemoteTestNG.java:66)
at com.intellij.rt.testng.RemoteTestNGStarter.main(RemoteTestNGStarter.java:110)
]]>
                        </full-stacktrace>
                    </exception> <!-- org.openqa.selenium.ElementClickInterceptedException -->
                    <reporter-output>
                        <line>
                            <![CDATA[TestAllFunctionality: news Features]]>
                        </line>
                        <line>
                            <![CDATA[AllFunctionality: run All The Feature Test]]>
                        </line>
                        <line>
                            <![CDATA[AllFunctionality: select]]>
                        </line>
                        <line>
                            <![CDATA[AllFunctionality: search]]>
                        </line>
                        <line>
                            <![CDATA[AllFunctionality: select]]>
                        </line>
                        <line>
                            <![CDATA[AllFunctionality: log In]]>
                        </line>
                        <line>
                            <![CDATA[AllFunctionality: select]]>
                        </line>
                        <line>
                            <![CDATA[AllFunctionality: sections Menu]]>
                        </line>
                        <line>
                            <![CDATA[AllFunctionality: click On Section Menu]]>
                        </line>
                        <line>
                            <![CDATA[AllFunctionality: click On Section Menu]]>
                        </line>
                        <line>
                            <![CDATA[AllFunctionality: click On Section Menu]]>
                        </line>
                    </reporter-output>
                </test-method> <!-- newsFeatures -->
                <test-method is-config="true" signature="afterEachTestMethod(org.testng.ITestResult)[pri:0, instance:nypnavigation.TestAllFunctionality@3b2cf7ab]" started-at="2022-01-27T20:34:13 EST" name="afterEachTestMethod" finished-at="2022-01-27T20:34:29 EST" duration-ms="16343" status="PASS">
                    <params>
                        <param index="0">
                            <value>
                                <![CDATA[[TestResult name=newsFeatures status=FAILURE method=TestAllFunctionality.newsFeatures()[pri:0, instance:nypnavigation.TestAllFunctionality@3b2cf7ab] output=TestAllFunctionality: news Features]]]>
                            </value>
                        </param>
                    </params>
                    <reporter-output>
                    </reporter-output>
                </test-method> <!-- afterEachTestMethod -->
                <test-method is-config="true" signature="cleanUP()[pri:0, instance:nypnavigation.TestAllFunctionality@3b2cf7ab]" started-at="2022-01-27T20:34:29 EST" name="cleanUP" finished-at="2022-01-27T20:34:29 EST" duration-ms="12" status="FAIL">
                    <exception class="org.openqa.selenium.NoSuchSessionException">
                        <message>
                            <![CDATA[Session ID is null. Using WebDriver after calling quit()?
Build info: version: '4.1.1', revision: 'e8fcc2cecf'
System info: host: 'matiurs-MBP.lan', ip: '2603:7000:e200:1315:0:0:0:1176%en0', os.name: 'Mac OS X', os.arch: 'x86_64', os.version: '10.15', java.version: '15.0.2'
Driver info: org.openqa.selenium.chrome.ChromeDriver
Command: [null, close {}]
Capabilities {acceptInsecureCerts: false, browserName: chrome, browserVersion: 97.0.4692.99, chrome: {chromedriverVersion: 96.0.4664.45 (76e4c1bb2ab46..., userDataDir: /var/folders/f0/pp1t4wh50hz...}, goog:chromeOptions: {debuggerAddress: localhost:60524}, javascriptEnabled: true, networkConnectionEnabled: false, pageLoadStrategy: normal, platform: MAC, platformName: MAC, proxy: Proxy(), se:cdp: ws://localhost:60524/devtoo..., se:cdpVersion: 97.0.4692.99, setWindowRect: true, strictFileInteractability: false, timeouts: {implicit: 0, pageLoad: 300000, script: 30000}, unhandledPromptBehavior: dismiss and notify, webauthn:extension:credBlob: true, webauthn:extension:largeBlob: true, webauthn:virtualAuthenticators: true}]]>
                        </message>
                        <full-stacktrace>
                            <![CDATA[org.openqa.selenium.NoSuchSessionException: Session ID is null. Using WebDriver after calling quit()?
Build info: version: '4.1.1', revision: 'e8fcc2cecf'
System info: host: 'matiurs-MBP.lan', ip: '2603:7000:e200:1315:0:0:0:1176%en0', os.name: 'Mac OS X', os.arch: 'x86_64', os.version: '10.15', java.version: '15.0.2'
Driver info: org.openqa.selenium.chrome.ChromeDriver
Command: [null, close {}]
Capabilities {acceptInsecureCerts: false, browserName: chrome, browserVersion: 97.0.4692.99, chrome: {chromedriverVersion: 96.0.4664.45 (76e4c1bb2ab46..., userDataDir: /var/folders/f0/pp1t4wh50hz...}, goog:chromeOptions: {debuggerAddress: localhost:60524}, javascriptEnabled: true, networkConnectionEnabled: false, pageLoadStrategy: normal, platform: MAC, platformName: MAC, proxy: Proxy(), se:cdp: ws://localhost:60524/devtoo..., se:cdpVersion: 97.0.4692.99, setWindowRect: true, strictFileInteractability: false, timeouts: {implicit: 0, pageLoad: 300000, script: 30000}, unhandledPromptBehavior: dismiss and notify, webauthn:extension:credBlob: true, webauthn:extension:largeBlob: true, webauthn:virtualAuthenticators: true}
at org.openqa.selenium.remote.HttpCommandExecutor.execute(HttpCommandExecutor.java:145)
at org.openqa.selenium.remote.service.DriverCommandExecutor.invokeExecute(DriverCommandExecutor.java:167)
at org.openqa.selenium.remote.service.DriverCommandExecutor.execute(DriverCommandExecutor.java:142)
at org.openqa.selenium.remote.RemoteWebDriver.execute(RemoteWebDriver.java:543)
at org.openqa.selenium.remote.RemoteWebDriver.execute(RemoteWebDriver.java:598)
at org.openqa.selenium.remote.RemoteWebDriver.execute(RemoteWebDriver.java:602)
at org.openqa.selenium.remote.RemoteWebDriver.close(RemoteWebDriver.java:428)
at base.CommonAPI.cleanUP(CommonAPI.java:165)
at java.base/jdk.internal.reflect.NativeMethodAccessorImpl.invoke0(Native Method)
at java.base/jdk.internal.reflect.NativeMethodAccessorImpl.invoke(NativeMethodAccessorImpl.java:64)
at java.base/jdk.internal.reflect.DelegatingMethodAccessorImpl.invoke(DelegatingMethodAccessorImpl.java:43)
at java.base/java.lang.reflect.Method.invoke(Method.java:564)
at org.testng.internal.invokers.MethodInvocationHelper.invokeMethod(MethodInvocationHelper.java:135)
at org.testng.internal.invokers.MethodInvocationHelper.invokeMethodConsideringTimeout(MethodInvocationHelper.java:65)
at org.testng.internal.invokers.ConfigInvoker.invokeConfigurationMethod(ConfigInvoker.java:381)
at org.testng.internal.invokers.ConfigInvoker.invokeConfigurations(ConfigInvoker.java:319)
at org.testng.internal.invokers.TestInvoker.runConfigMethods(TestInvoker.java:803)
at org.testng.internal.invokers.TestInvoker.runAfterConfigurations(TestInvoker.java:772)
at org.testng.internal.invokers.TestInvoker.invokeMethod(TestInvoker.java:748)
at org.testng.internal.invokers.TestInvoker.invokeTestMethod(TestInvoker.java:220)
at org.testng.internal.invokers.MethodRunner.runInSequence(MethodRunner.java:50)
at org.testng.internal.invokers.TestInvoker$MethodInvocationAgent.invoke(TestInvoker.java:945)
at org.testng.internal.invokers.TestInvoker.invokeTestMethods(TestInvoker.java:193)
at org.testng.internal.invokers.TestMethodWorker.invokeTestMethods(TestMethodWorker.java:146)
at org.testng.internal.invokers.TestMethodWorker.run(TestMethodWorker.java:128)
at java.base/java.util.ArrayList.forEach(ArrayList.java:1511)
at org.testng.TestRunner.privateRun(TestRunner.java:808)
at org.testng.TestRunner.run(TestRunner.java:603)
at org.testng.SuiteRunner.runTest(SuiteRunner.java:429)
at org.testng.SuiteRunner.runSequentially(SuiteRunner.java:423)
at org.testng.SuiteRunner.privateRun(SuiteRunner.java:383)
at org.testng.SuiteRunner.run(SuiteRunner.java:326)
at org.testng.SuiteRunnerWorker.runSuite(SuiteRunnerWorker.java:52)
at org.testng.SuiteRunnerWorker.run(SuiteRunnerWorker.java:95)
at org.testng.TestNG.runSuitesSequentially(TestNG.java:1249)
at org.testng.TestNG.runSuitesLocally(TestNG.java:1169)
at org.testng.TestNG.runSuites(TestNG.java:1092)
at org.testng.TestNG.run(TestNG.java:1060)
at com.intellij.rt.testng.IDEARemoteTestNG.run(IDEARemoteTestNG.java:66)
at com.intellij.rt.testng.RemoteTestNGStarter.main(RemoteTestNGStarter.java:110)
]]>
                        </full-stacktrace>
                    </exception> <!-- org.openqa.selenium.NoSuchSessionException -->
                    <reporter-output>
                    </reporter-output>
                </test-method> <!-- cleanUP -->
                <test-method is-config="true" signature="generateReport()[pri:0, instance:nypnavigation.TestAllFunctionality@3b2cf7ab]" started-at="2022-01-27T20:34:29 EST" name="generateReport" finished-at="2022-01-27T20:34:29 EST" duration-ms="111" status="PASS">
                    <reporter-output>
                    </reporter-output>
                </test-method> <!-- generateReport -->
            </class> <!-- nypnavigation.TestAllFunctionality -->
        </test> <!-- NYP Home -->
    </suite> <!-- NYP Test Automation Script -->
</testng-results>